Determining if the pthread_create exist failed with the following output:
Change Dir: /home/edelwud/SPOVM/ThreadRW/lib/CMakeFiles/CMakeTmp

Run Build Command:"/usr/bin/make" "cmTC_3594b/fast"
/usr/bin/make -f CMakeFiles/cmTC_3594b.dir/build.make CMakeFiles/cmTC_3594b.dir/build
make[1]: вход в каталог «/home/edelwud/SPOVM/ThreadRW/lib/CMakeFiles/CMakeTmp»
Building C object CMakeFiles/cmTC_3594b.dir/CheckSymbolExists.c.o
/usr/bin/cc    -o CMakeFiles/cmTC_3594b.dir/CheckSymbolExists.c.o   -c /home/edelwud/SPOVM/ThreadRW/lib/CMakeFiles/CMakeTmp/CheckSymbolExists.c
Linking C executable cmTC_3594b
/usr/bin/cmake -E cmake_link_script CMakeFiles/cmTC_3594b.dir/link.txt --verbose=1
/usr/bin/cc      CMakeFiles/cmTC_3594b.dir/CheckSymbolExists.c.o  -o cmTC_3594b 
/usr/bin/ld: CMakeFiles/cmTC_3594b.dir/CheckSymbolExists.c.o: в функции «main»:
CheckSymbolExists.c:(.text+0x1f): неопределённая ссылка на «pthread_create»
collect2: error: ld returned 1 exit status
make[1]: *** [CMakeFiles/cmTC_3594b.dir/build.make:87: cmTC_3594b] Ошибка 1
make[1]: выход из каталога «/home/edelwud/SPOVM/ThreadRW/lib/CMakeFiles/CMakeTmp»
make: *** [Makefile:121: cmTC_3594b/fast] Ошибка 2

File /home/edelwud/SPOVM/ThreadRW/lib/CMakeFiles/CMakeTmp/CheckSymbolExists.c:
/* */
#include <pthread.h>

int main(int argc, char** argv)
{
  (void)argv;
#ifndef pthread_create
  return ((int*)(&pthread_create))[argc];
#else
  (void)argc;
  return 0;
#endif
}

